<?xml version="1.0" encoding="UTF-8"?>
<testng-results ignored="0" total="1" passed="1" failed="0" skipped="0">
  <reporter-output>
  </reporter-output>
  <suite started-at="2023-05-17T16:42:34 IST" name="Suite" finished-at="2023-05-17T16:42:54 IST" duration-ms="20041">
    <groups>
    </groups>
    <test started-at="2023-05-17T16:42:34 IST" name="Test" finished-at="2023-05-17T16:42:54 IST" duration-ms="20041">
      <class name="btes.automationDemo.MyTest">
        <test-method signature="mainmethod()[pri:0, instance:btes.automationDemo.MyTest@5b239d7d]" started-at="2023-05-17T16:42:34 IST" name="mainmethod" finished-at="2023-05-17T16:42:54 IST" duration-ms="20005" status="PASS">
          <reporter-output>
          </reporter-output>
        </test-method> <!-- mainmethod -->
      </class> <!-- btes.automationDemo.MyTest -->
    </test> <!-- Test -->
  </suite> <!-- Suite -->
</testng-results>
